Build started 26/05/2016 20:28:02.
     1>Project "C:\Users\Gcinizwe\Documents\Visual Studio 2010\Projects\Ray_tracer\Ray_tracer\Ray_tracer.vcxproj" on node 2 (build target(s)).
     1>InitializeBuildStatus:
         Creating "Release\Ray_tracer.unsuccessfulbuild" because "AlwaysCreate" was specified.
       ClCompile:
         C:\Program Files (x86)\Microsoft Visual Studio 10.0\VC\bin\CL.exe /c /Zi /nologo /W3 /WX- /O2 /Oi /Oy- /GL /D WIN32 /D NDEBUG /D _CONSOLE /D _UNICODE /D UNICODE /Gm- /EHsc /MD /GS /Gy /fp:precise /Zc:wchar_t /Zc:forScope /openmp /Fo"Release\\" /Fd"Release\vc100.pdb" /Gd /TP /analyze- /errorReport:prompt Main.cpp
         Main.cpp
     1>c:\users\gcinizwe\documents\visual studio 2010\projects\ray_tracer\ray_tracer\Tracer_Objects.h(56): warning C4996: 'fopen': This function or variable may be unsafe. Consider using fopen_s instead. To disable deprecation, use _CRT_SECURE_NO_WARNINGS. See online help for details.
                 C:\Program Files (x86)\Microsoft Visual Studio 10.0\VC\include\stdio.h(234) : see declaration of 'fopen'
     1>Main.cpp(14): warning C4244: 'argument' : conversion from 'time_t' to 'unsigned int', possible loss of data
     1>Main.cpp(8): warning C4101: 'a' : unreferenced local variable
     1>Main.cpp(8): warning C4101: 'b' : unreferenced local variable
     1>Main.cpp(8): warning C4101: 'c' : unreferenced local variable
       Link:
         C:\Program Files (x86)\Microsoft Visual Studio 10.0\VC\bin\link.exe /ERRORREPORT:PROMPT /OUT:"C:\Users\Gcinizwe\Documents\Visual Studio 2010\Projects\Ray_tracer\Release\Ray_tracer.exe" /INCREMENTAL:NO /NOLOGO kernel32.lib user32.lib gdi32.lib winspool.lib comdlg32.lib advapi32.lib shell32.lib ole32.lib oleaut32.lib uuid.lib odbc32.lib odbccp32.lib /MANIFEST /ManifestFile:"Release\Ray_tracer.exe.intermediate.manifest" /MANIFESTUAC:"level='asInvoker' uiAccess='false'" /DEBUG /PDB:"C:\Users\Gcinizwe\Documents\Visual Studio 2010\Projects\Ray_tracer\Release\Ray_tracer.pdb" /SUBSYSTEM:CONSOLE /OPT:REF /OPT:ICF /LTCG /TLBID:1 /DYNAMICBASE /NXCOMPAT /IMPLIB:"C:\Users\Gcinizwe\Documents\Visual Studio 2010\Projects\Ray_tracer\Release\Ray_tracer.lib" /MACHINE:X86 Release\Camera.obj
         Release\Color.obj
         Release\Main.obj
         Release\Objects.obj
         Release\Source.obj
         Release\vec3D.obj
         Generating code
     1>c:\users\gcinizwe\documents\visual studio 2010\projects\ray_tracer\ray_tracer\objects.cpp(74): warning C4715: 'sphere::find_intersection_at' : not all control paths return a value
         Finished generating code
         Ray_tracer.vcxproj -> C:\Users\Gcinizwe\Documents\Visual Studio 2010\Projects\Ray_tracer\Release\Ray_tracer.exe
       Manifest:
         C:\Program Files (x86)\Microsoft SDKs\Windows\v7.0A\bin\mt.exe /nologo /verbose /outputresource:"C:\Users\Gcinizwe\Documents\Visual Studio 2010\Projects\Ray_tracer\Release\Ray_tracer.exe;#1" /manifest Release\Ray_tracer.exe.intermediate.manifest
       FinalizeBuildStatus:
         Deleting file "Release\Ray_tracer.unsuccessfulbuild".
         Touching "Release\Ray_tracer.lastbuildstate".
     1>Done Building Project "C:\Users\Gcinizwe\Documents\Visual Studio 2010\Projects\Ray_tracer\Ray_tracer\Ray_tracer.vcxproj" (build target(s)).

Build succeeded.

Time Elapsed 00:00:03.60
