Build started 11/05/2016 14:19:45.
     1>Project "C:\Users\Gcinizwe\Documents\Visual Studio 2010\Projects\Ray_tracer\Ray_tracer\Ray_tracer.vcxproj" on node 2 (build target(s)).
     1>InitializeBuildStatus:
         Creating "Debug\Ray_tracer.unsuccessfulbuild" because "AlwaysCreate" was specified.
       ClCompile:
         C:\Program Files (x86)\Microsoft Visual Studio 10.0\VC\bin\CL.exe /c /ZI /nologo /W3 /WX- /Od /Oy- /D WIN32 /D _DEBUG /D _CONSOLE /D _UNICODE /D UNICODE /Gm /EHsc /RTC1 /MDd /GS /fp:precise /Zc:wchar_t /Zc:forScope /Fo"Debug\\" /Fd"Debug\vc100.pdb" /Gd /TP /analyze- /errorReport:prompt Main.cpp
         Main.cpp
     1>c:\users\gcinizwe\documents\visual studio 2010\projects\ray_tracer\ray_tracer\tracer_objects.h(56): warning C4996: 'fopen': This function or variable may be unsafe. Consider using fopen_s instead. To disable deprecation, use _CRT_SECURE_NO_WARNINGS. See online help for details.
                 c:\program files (x86)\microsoft visual studio 10.0\vc\include\stdio.h(234) : see declaration of 'fopen'
     1>c:\users\gcinizwe\documents\visual studio 2010\projects\ray_tracer\ray_tracer\main.cpp(13): warning C4244: 'argument' : conversion from 'time_t' to 'unsigned int', possible loss of data
     1>c:\users\gcinizwe\documents\visual studio 2010\projects\ray_tracer\ray_tracer\main.cpp(7): warning C4101: 'a' : unreferenced local variable
     1>c:\users\gcinizwe\documents\visual studio 2010\projects\ray_tracer\ray_tracer\main.cpp(7): warning C4101: 'b' : unreferenced local variable
     1>c:\users\gcinizwe\documents\visual studio 2010\projects\ray_tracer\ray_tracer\main.cpp(7): warning C4101: 'c' : unreferenced local variable
       Link:
         C:\Program Files (x86)\Microsoft Visual Studio 10.0\VC\bin\link.exe /ERRORREPORT:PROMPT /OUT:"C:\Users\Gcinizwe\Documents\Visual Studio 2010\Projects\Ray_tracer\Debug\Ray_tracer.exe" /INCREMENTAL:NO /NOLOGO kernel32.lib user32.lib gdi32.lib winspool.lib comdlg32.lib advapi32.lib shell32.lib ole32.lib oleaut32.lib uuid.lib odbc32.lib odbccp32.lib /MANIFEST /ManifestFile:"Debug\Ray_tracer.exe.intermediate.manifest" /MANIFESTUAC:"level='asInvoker' uiAccess='false'" /DEBUG /PDB:"C:\Users\Gcinizwe\Documents\Visual Studio 2010\Projects\Ray_tracer\Debug\Ray_tracer.pdb" /SUBSYSTEM:CONSOLE /TLBID:1 /DYNAMICBASE /NXCOMPAT /IMPLIB:"C:\Users\Gcinizwe\Documents\Visual Studio 2010\Projects\Ray_tracer\Debug\Ray_tracer.lib" /MACHINE:X86 Debug\Camera.obj
         Debug\Color.obj
         Debug\Main.obj
         Debug\Objects.obj
         Debug\Source.obj
         Debug\vec3D.obj
     1>Camera.obj : warning LNK4075: ignoring '/EDITANDCONTINUE' due to '/INCREMENTAL:NO' specification
         Ray_tracer.vcxproj -> C:\Users\Gcinizwe\Documents\Visual Studio 2010\Projects\Ray_tracer\Debug\Ray_tracer.exe
       Manifest:
         C:\Program Files (x86)\Microsoft SDKs\Windows\v7.0A\bin\mt.exe /nologo /verbose /outputresource:"C:\Users\Gcinizwe\Documents\Visual Studio 2010\Projects\Ray_tracer\Debug\Ray_tracer.exe;#1" /manifest Debug\Ray_tracer.exe.intermediate.manifest
       FinalizeBuildStatus:
         Deleting file "Debug\Ray_tracer.unsuccessfulbuild".
         Touching "Debug\Ray_tracer.lastbuildstate".
     1>Done Building Project "C:\Users\Gcinizwe\Documents\Visual Studio 2010\Projects\Ray_tracer\Ray_tracer\Ray_tracer.vcxproj" (build target(s)).

Build succeeded.

Time Elapsed 00:00:03.19
